<?xml version="1.0" encoding="UTF-8"?><testrun name="loginRunner" project="CucumberAssignment" tests="5" started="5" failures="0" errors="2" ignored="0">
  <testsuite name="runners.loginRunner" time="3.544">
    <testsuite name="Feature: TechFios Billing Login Functionality validation" time="3.544">
      <testsuite name="Scenario: 1 User should be able to login with valid credentials" time="3.544" incomplete="true">
        <error>org.openqa.selenium.NoSuchElementException: no such element: Unable to locate element: {"method":"xpath","selector":"//*[@id="page-wrapper"]/div[2]/div/h2"}
  (Session info: chrome=102.0.5005.63)
For documentation on this error, please visit: http://seleniumhq.org/exceptions/no_such_element.html
Build info: version: '3.14.0', revision: 'aacccce0', time: '2018-08-02T20:19:58.91Z'
System info: host: 'DESKTOP-5QOIQM6', ip: '192.168.86.27', os.name: 'Windows 10', os.arch: 'amd64', os.version: '10.0', java.version: '1.8.0_281'
Driver info: org.openqa.selenium.chrome.ChromeDriver
Capabilities {acceptInsecureCerts: false, browserName: chrome, browserVersion: 102.0.5005.63, chrome: {chromedriverVersion: 102.0.5005.61 (0e59bcc00cc4..., userDataDir: C:\Users\George\AppData\Loc...}, goog:chromeOptions: {debuggerAddress: localhost:57207}, javascriptEnabled: true, networkConnectionEnabled: false, pageLoadStrategy: normal, platform: WINDOWS, platformName: WINDOWS, proxy: Proxy(), setWindowRect: true, strictFileInteractability: false, timeouts: {implicit: 0, pageLoad: 300000, script: 30000}, unhandledPromptBehavior: dismiss and notify, webauthn:extension:credBlob: true, webauthn:extension:largeBlob: true, webauthn:virtualAuthenticators: true}
Session ID: 3fb36d8fac361662d1770dbbe2349fc8
*** Element info: {Using=xpath, value=//*[@id="page-wrapper"]/div[2]/div/h2}&#13;
	at sun.reflect.NativeConstructorAccessorImpl.newInstance0(Native Method)&#13;
	at sun.reflect.NativeConstructorAccessorImpl.newInstance(NativeConstructorAccessorImpl.java:62)&#13;
	at sun.reflect.DelegatingConstructorAccessorImpl.newInstance(DelegatingConstructorAccessorImpl.java:45)&#13;
	at java.lang.reflect.Constructor.newInstance(Constructor.java:423)&#13;
	at org.openqa.selenium.remote.http.W3CHttpResponseCodec.createException(W3CHttpResponseCodec.java:187)&#13;
	at org.openqa.selenium.remote.http.W3CHttpResponseCodec.decode(W3CHttpResponseCodec.java:122)&#13;
	at org.openqa.selenium.remote.http.W3CHttpResponseCodec.decode(W3CHttpResponseCodec.java:49)&#13;
	at org.openqa.selenium.remote.HttpCommandExecutor.execute(HttpCommandExecutor.java:158)&#13;
	at org.openqa.selenium.remote.service.DriverCommandExecutor.execute(DriverCommandExecutor.java:83)&#13;
	at org.openqa.selenium.remote.RemoteWebDriver.execute(RemoteWebDriver.java:548)&#13;
	at org.openqa.selenium.remote.RemoteWebDriver.findElement(RemoteWebDriver.java:322)&#13;
	at org.openqa.selenium.remote.RemoteWebDriver.findElementByXPath(RemoteWebDriver.java:424)&#13;
	at org.openqa.selenium.By$ByXPath.findElement(By.java:353)&#13;
	at org.openqa.selenium.remote.RemoteWebDriver.findElement(RemoteWebDriver.java:314)&#13;
	at org.openqa.selenium.support.pagefactory.DefaultElementLocator.findElement(DefaultElementLocator.java:69)&#13;
	at org.openqa.selenium.support.pagefactory.internal.LocatingElementHandler.invoke(LocatingElementHandler.java:38)&#13;
	at com.sun.proxy.$Proxy19.getText(Unknown Source)&#13;
	at pages.LoginPage.assertDashboard(LoginPage.java:45)&#13;
	at steps.LoginStepDefination.user_should_land_on_the_dashboard_page(LoginStepDefination.java:58)&#13;
	at ✽.Then User should land on the dashboard page(features/Login.feature:10)&#13;
&#13;
</error>
        <testcase name="Given User is on the TechFios login page" classname="Scenario: 1 User should be able to login with valid credentials" time="0.0"/>
        <testcase name="When User enters &quot;username&quot;" classname="Scenario: 1 User should be able to login with valid credentials" time="0.0"/>
        <testcase name="When User enters &quot;password&quot;" classname="Scenario: 1 User should be able to login with valid credentials" time="0.0"/>
        <testcase name="When User clicks signin button" classname="Scenario: 1 User should be able to login with valid credentials" time="0.0"/>
        <testcase name="Then User should land on the dashboard page" classname="Scenario: 1 User should be able to login with valid credentials" time="0.004">
          <error>org.openqa.selenium.NoSuchElementException: no such element: Unable to locate element: {"method":"xpath","selector":"//*[@id="page-wrapper"]/div[2]/div/h2"}
  (Session info: chrome=102.0.5005.63)
For documentation on this error, please visit: http://seleniumhq.org/exceptions/no_such_element.html
Build info: version: '3.14.0', revision: 'aacccce0', time: '2018-08-02T20:19:58.91Z'
System info: host: 'DESKTOP-5QOIQM6', ip: '192.168.86.27', os.name: 'Windows 10', os.arch: 'amd64', os.version: '10.0', java.version: '1.8.0_281'
Driver info: org.openqa.selenium.chrome.ChromeDriver
Capabilities {acceptInsecureCerts: false, browserName: chrome, browserVersion: 102.0.5005.63, chrome: {chromedriverVersion: 102.0.5005.61 (0e59bcc00cc4..., userDataDir: C:\Users\George\AppData\Loc...}, goog:chromeOptions: {debuggerAddress: localhost:57207}, javascriptEnabled: true, networkConnectionEnabled: false, pageLoadStrategy: normal, platform: WINDOWS, platformName: WINDOWS, proxy: Proxy(), setWindowRect: true, strictFileInteractability: false, timeouts: {implicit: 0, pageLoad: 300000, script: 30000}, unhandledPromptBehavior: dismiss and notify, webauthn:extension:credBlob: true, webauthn:extension:largeBlob: true, webauthn:virtualAuthenticators: true}
Session ID: 3fb36d8fac361662d1770dbbe2349fc8
*** Element info: {Using=xpath, value=//*[@id="page-wrapper"]/div[2]/div/h2}&#13;
	at sun.reflect.NativeConstructorAccessorImpl.newInstance0(Native Method)&#13;
	at sun.reflect.NativeConstructorAccessorImpl.newInstance(NativeConstructorAccessorImpl.java:62)&#13;
	at sun.reflect.DelegatingConstructorAccessorImpl.newInstance(DelegatingConstructorAccessorImpl.java:45)&#13;
	at java.lang.reflect.Constructor.newInstance(Constructor.java:423)&#13;
	at org.openqa.selenium.remote.http.W3CHttpResponseCodec.createException(W3CHttpResponseCodec.java:187)&#13;
	at org.openqa.selenium.remote.http.W3CHttpResponseCodec.decode(W3CHttpResponseCodec.java:122)&#13;
	at org.openqa.selenium.remote.http.W3CHttpResponseCodec.decode(W3CHttpResponseCodec.java:49)&#13;
	at org.openqa.selenium.remote.HttpCommandExecutor.execute(HttpCommandExecutor.java:158)&#13;
	at org.openqa.selenium.remote.service.DriverCommandExecutor.execute(DriverCommandExecutor.java:83)&#13;
	at org.openqa.selenium.remote.RemoteWebDriver.execute(RemoteWebDriver.java:548)&#13;
	at org.openqa.selenium.remote.RemoteWebDriver.findElement(RemoteWebDriver.java:322)&#13;
	at org.openqa.selenium.remote.RemoteWebDriver.findElementByXPath(RemoteWebDriver.java:424)&#13;
	at org.openqa.selenium.By$ByXPath.findElement(By.java:353)&#13;
	at org.openqa.selenium.remote.RemoteWebDriver.findElement(RemoteWebDriver.java:314)&#13;
	at org.openqa.selenium.support.pagefactory.DefaultElementLocator.findElement(DefaultElementLocator.java:69)&#13;
	at org.openqa.selenium.support.pagefactory.internal.LocatingElementHandler.invoke(LocatingElementHandler.java:38)&#13;
	at com.sun.proxy.$Proxy19.getText(Unknown Source)&#13;
	at pages.LoginPage.assertDashboard(LoginPage.java:45)&#13;
	at steps.LoginStepDefination.user_should_land_on_the_dashboard_page(LoginStepDefination.java:58)&#13;
	at ✽.Then User should land on the dashboard page(features/Login.feature:10)&#13;
&#13;
</error>
        </testcase>
      </testsuite>
    </testsuite>
  </testsuite>
</testrun>
